==== M1 RUN 1 (MM=32 B_L=8192 B_R=8192) ====
[INFO] Strategy: PARTITIONED_HASH_LEFT_JOIN (strict alloc)
[INFO] max_mem=33554432, B_L=8192, B_R=8192
[INFO] max_left_recs=2048, max_right_recs=2048
[INFO] left_file_size=243336157, right_file_size=1204850769
[INFO] est_left_blocks=29705, est_right_blocks=147077
[INFO] P=73, fixed_big_alloc=33488896, arena_cap=29245454
[INFO] iobuf: out=262144 inL=131072 inR=131072 part_each=25137 (total=4194290)
[INFO] Phase1 done: left_blocks=30452 right_blocks=150687 left_recs=2000000 right_recs=8000000
[INFO] Partition dist: nonemptyL=73/73 (maxL=27563), nonemptyR=73/73 (maxR=110252)
[INFO] part=1/73: Lrecs=27415 Rrecs=109660 buckets=262144 Lblocks=418 Rblocks=2065
[INFO] part=2/73: Lrecs=27334 Rrecs=109336 buckets=262144 Lblocks=417 Rblocks=2059
[INFO] part=3/73: Lrecs=27453 Rrecs=109812 buckets=262144 Lblocks=419 Rblocks=2072
[INFO] part=4/73: Lrecs=27563 Rrecs=110252 buckets=262144 Lblocks=420 Rblocks=2078
[INFO] part=5/73: Lrecs=27421 Rrecs=109684 buckets=262144 Lblocks=418 Rblocks=2065
[INFO] part=6/73: Lrecs=27368 Rrecs=109472 buckets=262144 Lblocks=417 Rblocks=2063
[INFO] part=7/73: Lrecs=27465 Rrecs=109860 buckets=262144 Lblocks=418 Rblocks=2069
[INFO] part=8/73: Lrecs=27435 Rrecs=109740 buckets=262144 Lblocks=418 Rblocks=2069
[INFO] part=9/73: Lrecs=27490 Rrecs=109960 buckets=262144 Lblocks=419 Rblocks=2070
[INFO] part=10/73: Lrecs=27376 Rrecs=109504 buckets=262144 Lblocks=417 Rblocks=2059
[INFO] part=32/73: Lrecs=27477 Rrecs=109908 buckets=262144 Lblocks=419 Rblocks=2071
[INFO] part=64/73: Lrecs=27477 Rrecs=109908 buckets=262144 Lblocks=419 Rblocks=2071
[INFO] part=73/73: Lrecs=27409 Rrecs=109636 buckets=262144 Lblocks=418 Rblocks=2067
[INFO] Phase2 done: left_blocks=30483 right_blocks=150721
[INFO] SUMMARY: P=73, phase1(L=30452 R=150687), phase2(L=30483 R=150721), total(L=60935 R=301408)
========== STATS ==========
Elapsed time : 27.337383 seconds
  Read time  : 10.678242 seconds
  Join time  : 10.679283 seconds
  Write time : 5.979851 seconds
Big alloc    : 33500576 bytes (blocks etc.)
Max RSS      : 28412 KB (OS reported)
Left blocks  : 60935
Right blocks : 301408
Memory usage : 33500576 / 33554432 bytes (99.84%)
Output file  : join.txt
==== M1 RUN 2 (MM=32 B_L=8192 B_R=8192) ====
[INFO] Strategy: PARTITIONED_HASH_LEFT_JOIN (strict alloc)
[INFO] max_mem=33554432, B_L=8192, B_R=8192
[INFO] max_left_recs=2048, max_right_recs=2048
[INFO] left_file_size=243336157, right_file_size=1204850769
[INFO] est_left_blocks=29705, est_right_blocks=147077
[INFO] P=73, fixed_big_alloc=33488896, arena_cap=29245454
[INFO] iobuf: out=262144 inL=131072 inR=131072 part_each=25137 (total=4194290)
[INFO] Phase1 done: left_blocks=30452 right_blocks=150687 left_recs=2000000 right_recs=8000000
[INFO] Partition dist: nonemptyL=73/73 (maxL=27563), nonemptyR=73/73 (maxR=110252)
[INFO] part=1/73: Lrecs=27415 Rrecs=109660 buckets=262144 Lblocks=418 Rblocks=2065
[INFO] part=2/73: Lrecs=27334 Rrecs=109336 buckets=262144 Lblocks=417 Rblocks=2059
[INFO] part=3/73: Lrecs=27453 Rrecs=109812 buckets=262144 Lblocks=419 Rblocks=2072
[INFO] part=4/73: Lrecs=27563 Rrecs=110252 buckets=262144 Lblocks=420 Rblocks=2078
[INFO] part=5/73: Lrecs=27421 Rrecs=109684 buckets=262144 Lblocks=418 Rblocks=2065
[INFO] part=6/73: Lrecs=27368 Rrecs=109472 buckets=262144 Lblocks=417 Rblocks=2063
[INFO] part=7/73: Lrecs=27465 Rrecs=109860 buckets=262144 Lblocks=418 Rblocks=2069
[INFO] part=8/73: Lrecs=27435 Rrecs=109740 buckets=262144 Lblocks=418 Rblocks=2069
[INFO] part=9/73: Lrecs=27490 Rrecs=109960 buckets=262144 Lblocks=419 Rblocks=2070
[INFO] part=10/73: Lrecs=27376 Rrecs=109504 buckets=262144 Lblocks=417 Rblocks=2059
[INFO] part=32/73: Lrecs=27477 Rrecs=109908 buckets=262144 Lblocks=419 Rblocks=2071
[INFO] part=64/73: Lrecs=27477 Rrecs=109908 buckets=262144 Lblocks=419 Rblocks=2071
[INFO] part=73/73: Lrecs=27409 Rrecs=109636 buckets=262144 Lblocks=418 Rblocks=2067
[INFO] Phase2 done: left_blocks=30483 right_blocks=150721
[INFO] SUMMARY: P=73, phase1(L=30452 R=150687), phase2(L=30483 R=150721), total(L=60935 R=301408)
========== STATS ==========
Elapsed time : 30.074456 seconds
  Read time  : 12.305539 seconds
  Join time  : 10.980896 seconds
  Write time : 6.788005 seconds
Big alloc    : 33500576 bytes (blocks etc.)
Max RSS      : 29424 KB (OS reported)
Left blocks  : 60935
Right blocks : 301408
Memory usage : 33500576 / 33554432 bytes (99.84%)
Output file  : join.txt
==== M1 RUN 3 (MM=32 B_L=8192 B_R=8192) ====
