==== RUN 1 ====
[INFO] max_mem=268435456, B_L=2048, B_R=2048, per_right_block=6156, K(max_right_blocks)=43604
========== STATS ==========
Elapsed time : 53.810588 seconds
  Read time  : 47.564333 seconds
  Join time  : 5.697350 seconds
  Write time : 0.548890 seconds
Big alloc    : 268432368 bytes (blocks etc.)
Max RSS      : 95872 KB (OS reported)
Left blocks  : 369
Right blocks : 564201
Memory usage : 268432368 / 268435456 bytes (100.00%)
Output file  : join.txt
==== RUN 2 ====
[INFO] max_mem=268435456, B_L=2048, B_R=2048, per_right_block=6156, K(max_right_blocks)=43604
========== STATS ==========
Elapsed time : 54.259756 seconds
  Read time  : 47.840311 seconds
  Join time  : 5.708179 seconds
  Write time : 0.711256 seconds
Big alloc    : 268432368 bytes (blocks etc.)
Max RSS      : 95872 KB (OS reported)
Left blocks  : 369
Right blocks : 564201
Memory usage : 268432368 / 268435456 bytes (100.00%)
Output file  : join.txt
==== RUN 3 ====
[INFO] max_mem=268435456, B_L=2048, B_R=2048, per_right_block=6156, K(max_right_blocks)=43604
========== STATS ==========
Elapsed time : 53.088214 seconds
  Read time  : 46.412905 seconds
  Join time  : 6.005742 seconds
  Write time : 0.669555 seconds
Big alloc    : 268432368 bytes (blocks etc.)
Max RSS      : 95744 KB (OS reported)
Left blocks  : 369
Right blocks : 564201
Memory usage : 268432368 / 268435456 bytes (100.00%)
Output file  : join.txt
==== RUN 4 ====
[INFO] max_mem=268435456, B_L=2048, B_R=2048, per_right_block=6156, K(max_right_blocks)=43604
========== STATS ==========
Elapsed time : 65.372660 seconds
  Read time  : 57.617003 seconds
  Join time  : 6.667135 seconds
  Write time : 1.088510 seconds
Big alloc    : 268432368 bytes (blocks etc.)
Max RSS      : 95744 KB (OS reported)
Left blocks  : 369
Right blocks : 564201
Memory usage : 268432368 / 268435456 bytes (100.00%)
Output file  : join.txt
==== RUN 5 ====
[INFO] max_mem=268435456, B_L=2048, B_R=2048, per_right_block=6156, K(max_right_blocks)=43604
========== STATS ==========
Elapsed time : 52.239931 seconds
  Read time  : 45.341842 seconds
  Join time  : 6.332565 seconds
  Write time : 0.565513 seconds
Big alloc    : 268432368 bytes (blocks etc.)
Max RSS      : 95872 KB (OS reported)
Left blocks  : 369
Right blocks : 564201
Memory usage : 268432368 / 268435456 bytes (100.00%)
Output file  : join.txt
